[01:41:22] [main/WARN]: Mod `libcd` (1.3.0+1.14.3) uses 'requires' key in fabric.mod.json, which is not supported - use 'depends'
[01:41:22] [main/WARN]: Mod `cloth` (0.6.0) uses 'requires' key in fabric.mod.json, which is not supported - use 'depends'
[01:41:22] [main/INFO]: [FabricLoader] Loading 46 mods: minecraft@1.14.4, fabric-renderer-api-v1@0.1.1+591e97ae42, fabric-networking-blockentity-v0@0.2.0+c877038942, fabric-keybindings-v0@0.1.1+591e97ae42, libcd@1.3.0+1.14.3, jankson@1.0.0+j1.1.2, fabricloader@0.6.3+build.167, cotton-commons@1.0.0-rc.3, cotton@1.0.0-rc.3, fabric-renderer-indigo@0.1.13+591e97ae42, fabric-containers-v0@0.1.2+591e97ae42, fabric-dimensions-v1@0.1.0+369ab22e42, fiber2cloth@1.2.0, fabric-biomes-v1@0.1.0+591e97ae42, cotton-datapack@1.0.0-rc.1, fabric-crash-report-info-v1@0.1.1+591e97ae42, roughlyenoughitems@3.1.8+build.35, fabric-events-interaction-v0@0.1.1+591e97ae42, fabric-api-base@0.1.1+2ac73e7242, fabric-rendering-v0@0.1.1+591e97ae42, function_api@1.4.0, cloth-config2@1.6.1, cotton-cauldron@1.0.0-rc.1, fabric-rendering-data-attachment-v1@0.1.1+c877038942, fabric-resource-loader-v0@0.1.3+591e97ae42, me_zeroeightsix_fiber@0.6.0-7, fabric-textures-v0@0.1.4+591e97ae42, fabric-content-registries-v0@0.1.1+591e97ae42, fabric-tag-extensions-v0@0.1.1+591e97ae42, fabric-rendering-fluids-v1@0.1.2+36f27aa342, staticdata@1.0.0, cotton-logging@1.0.0-rc.1, fabric-commands-v0@0.1.1+591e97ae42, fabric-registry-sync-v0@0.2.2+591e97ae42, fabric-mining-levels-v0@0.1.0+591e97ae42, fabric-events-lifecycle-v0@0.1.1+591e97ae42, fabric-loot-tables-v1@0.1.0+591e97ae42, fabric@0.4.1+build.245-1.14, cotton-player-events@1.0.0-rc.2, fabric-item-groups-v0@0.1.0+591e97ae42, fabric-particles-v1@0.1.1+c877038942, fabric-models-v0@0.1.0+591e97ae42, fabric-object-builders-v0@0.1.1+591e97ae42, fabric-networking-v0@0.1.3+591e97ae42, cotton-config@1.0.0-rc.1, cloth@0.6.0
[01:41:22] [main/INFO]: SpongePowered MIXIN Subsystem Version=0.7.11 Source=file:/A:/Users/Michelle/AppData/Roaming/.minecraft/libraries/net/fabricmc/sponge-mixin/0.7.11.38/sponge-mixin-0.7.11.38.jar Service=Knot/Fabric Env=CLIENT
[01:41:22] [main/INFO]: Compatibility level set to JAVA_8
[01:41:23] [main/INFO]: Setting user: crysthala
[01:41:27] [main/INFO]: [Cotton Datapack]: Loaded config.
[01:41:28] [main/INFO]: [STDOUT]: Function API starting content registration
[01:41:28] [main/INFO]: [STDOUT]: executing file: test:slab
[01:41:28] [main/INFO]: [STDOUT]: executing command: # blocksettings type slab
[01:41:28] [main/INFO]: [STDOUT]: at line 2
[01:41:28] [main/INFO]: [STDOUT]: executing command: blocksettings material wood
[01:41:28] [main/INFO]: [STDOUT]: at line 3
[01:41:28] [main/INFO]: [STDOUT]: executing command: 
[01:41:28] [main/INFO]: [STDOUT]: at line 4
[01:41:28] [main/INFO]: [STDOUT]: executing command: blocksettings state type bottom
[01:41:28] [main/INFO]: [STDOUT]: at line 5
[01:41:28] [main/INFO]: [STDOUT]: executing command: blocksettings state type top
[01:41:28] [main/INFO]: [STDOUT]: at line 6
[01:41:28] [main/INFO]: [STDOUT]: executing command: blocksettings state type double
[01:41:28] [main/INFO]: [STDOUT]: at line 7
[01:41:28] [main/INFO]: [STDOUT]: executing command: 
[01:41:28] [main/INFO]: [STDOUT]: at line 8
[01:41:28] [main/INFO]: [STDOUT]: executing command: blocksettings rendermode cutout
[01:41:28] [main/INFO]: [STDOUT]: at line 9
[01:41:28] [main/INFO]: [STDOUT]: executing command: blocksettings nomobspawning
[01:41:28] [main/INFO]: [STDOUT]: at line 10
[01:41:28] [main/INFO]: [STDOUT]: executing command: blocksettings disableitem
[01:41:28] [main/INFO]: [STDOUT]: at line 11
[01:41:28] [main/INFO]: [STDOUT]: executing command: 
[01:41:28] [main/INFO]: [STDOUT]: at line 12
[01:41:28] [main/INFO]: [STDOUT]: executing command: register block test:slab
[01:41:28] [main/INFO]: [STDOUT]: at line 13
[01:41:28] [main/INFO]: [STDOUT]: executing file: test:stair_type
[01:41:28] [main/INFO]: [STDOUT]: executing command: blocksettings type stairs
[01:41:28] [main/INFO]: [STDOUT]: at line 2
[01:41:28] [main/INFO]: [STDOUT]: executing command: blocksettings material wood
[01:41:28] [main/INFO]: [STDOUT]: at line 3
[01:41:28] [main/INFO]: [STDOUT]: executing command: register block test:stairs
[01:41:28] [main/INFO]: [STDOUT]: at line 4
[01:41:28] [main/INFO]: [STDOUT]: executing file: function_api:healthcheck2
[01:41:28] [main/INFO]: [STDOUT]: executing command: print "including a command: function_api:include/included"
[01:41:28] [main/INFO]: [STDOUT]: at line 2
[01:41:28] [main/INFO]: [STDOUT]: including a command: function_api:include/included
[01:41:28] [main/INFO]: [STDOUT]: executing command: include function_api:include/included
[01:41:28] [main/INFO]: [STDOUT]: at line 3
[01:41:28] [main/INFO]: [STDOUT]: executing file: function_api:include/included
[01:41:28] [main/INFO]: [STDOUT]: executing command: print "successfully included function"
[01:41:28] [main/INFO]: [STDOUT]: at line 2
[01:41:28] [main/INFO]: [STDOUT]: successfully included function
[01:41:28] [main/INFO]: [STDOUT]: executing file: test:slab_item
[01:41:28] [main/INFO]: [STDOUT]: executing command: register item test:slab_item
[01:41:28] [main/INFO]: [STDOUT]: at line 2
[01:41:28] [main/INFO]: [STDOUT]: executing file: function_api:healthcheck
[01:41:28] [main/INFO]: [STDOUT]: executing command: print "registration function loading works"
[01:41:28] [main/INFO]: [STDOUT]: at line 2
[01:41:28] [main/INFO]: [STDOUT]: registration function loading works
[01:41:28] [main/INFO]: [STDOUT]: executing file: test:stair_test
[01:41:28] [main/INFO]: [STDOUT]: executing command: # A block for testing directional placement with
[01:41:28] [main/INFO]: [STDOUT]: at line 2
[01:41:28] [main/INFO]: [STDOUT]: executing command: 
[01:41:28] [main/INFO]: [STDOUT]: at line 3
[01:41:28] [main/INFO]: [STDOUT]: executing command: blocksettings material wood
[01:41:28] [main/INFO]: [STDOUT]: at line 4
[01:41:28] [main/INFO]: [STDOUT]: executing command: blocksettings rendermode cutout
[01:41:28] [main/INFO]: [STDOUT]: at line 5
[01:41:28] [main/INFO]: [STDOUT]: executing command: blocksettings nomobspawning
[01:41:28] [main/INFO]: [STDOUT]: at line 6
[01:41:28] [main/INFO]: [STDOUT]: executing command: 
[01:41:28] [main/INFO]: [STDOUT]: at line 7
[01:41:28] [main/INFO]: [STDOUT]: executing command: blocksettings state facing north
[01:41:28] [main/INFO]: [STDOUT]: at line 8
[01:41:28] [main/INFO]: [STDOUT]: executing command: blocksettings state facing south
[01:41:28] [main/INFO]: [STDOUT]: at line 9
[01:41:28] [main/INFO]: [STDOUT]: executing command: blocksettings state facing east
[01:41:28] [main/INFO]: [STDOUT]: at line 10
[01:41:28] [main/INFO]: [STDOUT]: executing command: blocksettings state facing west
[01:41:28] [main/INFO]: [STDOUT]: at line 11
[01:41:28] [main/INFO]: [STDOUT]: executing command: 
[01:41:28] [main/INFO]: [STDOUT]: at line 12
[01:41:28] [main/INFO]: [STDOUT]: executing command: blocksettings state shape straight
[01:41:28] [main/INFO]: [STDOUT]: at line 13
[01:41:28] [main/INFO]: [STDOUT]: executing command: blocksettings state shape outer_right
[01:41:28] [main/INFO]: [STDOUT]: at line 14
[01:41:28] [main/INFO]: [STDOUT]: executing command: blocksettings state shape outer_left
[01:41:28] [main/INFO]: [STDOUT]: at line 15
[01:41:28] [main/INFO]: [STDOUT]: executing command: blocksettings state shape inner_right
[01:41:28] [main/INFO]: [STDOUT]: at line 16
[01:41:28] [main/INFO]: [STDOUT]: executing command: blocksettings state shape inner_left
[01:41:28] [main/INFO]: [STDOUT]: at line 17
[01:41:28] [main/INFO]: [STDOUT]: executing command: 
[01:41:28] [main/INFO]: [STDOUT]: at line 18
[01:41:28] [main/INFO]: [STDOUT]: executing command: blocksettings state half bottom
[01:41:28] [main/INFO]: [STDOUT]: at line 19
[01:41:28] [main/INFO]: [STDOUT]: executing command: blocksettings state half top
[01:41:28] [main/INFO]: [STDOUT]: at line 20
[01:41:28] [main/INFO]: [STDOUT]: executing command: 
[01:41:28] [main/INFO]: [STDOUT]: at line 21
[01:41:28] [main/INFO]: [STDOUT]: executing command: register block test:stair_test
[01:41:28] [main/INFO]: [STDOUT]: at line 22
[01:41:28] [main/INFO]: [STDOUT]: executing file: test:dir_test
[01:41:28] [main/INFO]: [STDOUT]: executing command: # A block for testing directional placement with
[01:41:28] [main/INFO]: [STDOUT]: at line 2
[01:41:28] [main/INFO]: [STDOUT]: executing command: 
[01:41:28] [main/INFO]: [STDOUT]: at line 3
[01:41:28] [main/INFO]: [STDOUT]: executing command: blocksettings material wood
[01:41:28] [main/INFO]: [STDOUT]: at line 4
[01:41:28] [main/INFO]: [STDOUT]: executing command: 
[01:41:28] [main/INFO]: [STDOUT]: at line 5
[01:41:28] [main/INFO]: [STDOUT]: executing command: blocksettings state facing north
[01:41:28] [main/INFO]: [STDOUT]: at line 6
[01:41:28] [main/INFO]: [STDOUT]: executing command: blocksettings state facing south
[01:41:28] [main/INFO]: [STDOUT]: at line 7
[01:41:28] [main/INFO]: [STDOUT]: executing command: blocksettings state facing east
[01:41:28] [main/INFO]: [STDOUT]: at line 8
[01:41:28] [main/INFO]: [STDOUT]: executing command: blocksettings state facing west
[01:41:28] [main/INFO]: [STDOUT]: at line 9
[01:41:28] [main/INFO]: [STDOUT]: executing command: 
[01:41:28] [main/INFO]: [STDOUT]: at line 10
[01:41:28] [main/INFO]: [STDOUT]: executing command: blocksettings state vert horizontal
[01:41:28] [main/INFO]: [STDOUT]: at line 11
[01:41:28] [main/INFO]: [STDOUT]: executing command: blocksettings state vert up
[01:41:28] [main/INFO]: [STDOUT]: at line 12
[01:41:28] [main/INFO]: [STDOUT]: executing command: blocksettings state vert down
[01:41:28] [main/INFO]: [STDOUT]: at line 13
[01:41:28] [main/INFO]: [STDOUT]: executing command: 
[01:41:28] [main/INFO]: [STDOUT]: at line 14
[01:41:28] [main/INFO]: [STDOUT]: executing command: register block test:dir_test
[01:41:28] [main/INFO]: [STDOUT]: at line 15
[01:41:28] [main/INFO]: [STDOUT]: Function API finished content registration
[01:41:28] [main/INFO]: [Indigo] Registering Indigo renderer!
[01:41:28] [main/INFO]: [REI] Config is loaded.
[01:41:29] [main/WARN]: Skipping bad option: lastServer:
[01:41:29] [main/INFO]: LWJGL Version: 3.2.2 build 10
[01:41:35] [main/INFO]: Narrator library for x64 successfully loaded
[01:41:37] [Server-Worker-1/WARN]: Unable to load model: 'test:stairs#inventory' referenced from: test:stairs#inventory: java.io.FileNotFoundException: test:models/item/stairs.json
[01:41:38] [main/INFO]: OpenAL initialized.
[01:41:38] [main/INFO]: Sound engine started
[01:41:39] [main/INFO]: Created: 1024x512 textures-atlas
[01:41:39] [main/INFO]: Created: 256x256 textures/particle-atlas
[01:41:39] [main/INFO]: Created: 256x256 textures/painting-atlas
[01:41:39] [main/INFO]: Created: 256x128 textures/mob_effect-atlas
[01:41:44] [main/INFO]: [fabric-registry-sync] Loaded registry data [file 1/4]
[01:41:44] [main/WARN]: Ambiguity between arguments [teleport, destination] and [teleport, targets] with inputs: [Player, 0123, @e, dd12be42-52a9-4a91-a8a1-11c01849e498]
[01:41:44] [main/WARN]: Ambiguity between arguments [teleport, location] and [teleport, destination] with inputs: [0.1 -0.5 .9, 0 0 0]
[01:41:44] [main/WARN]: Ambiguity between arguments [teleport, location] and [teleport, targets] with inputs: [0.1 -0.5 .9, 0 0 0]
[01:41:44] [main/WARN]: Ambiguity between arguments [teleport, targets] and [teleport, destination] with inputs: [Player, 0123, dd12be42-52a9-4a91-a8a1-11c01849e498]
[01:41:44] [main/WARN]: Ambiguity between arguments [teleport, targets, location] and [teleport, targets, destination] with inputs: [0.1 -0.5 .9, 0 0 0]
[01:41:44] [Server thread/INFO]: Starting integrated minecraft server version 1.14.4
[01:41:44] [Server thread/INFO]: Generating keypair
[01:41:44] [Server thread/INFO]: [fabric-registry-sync] Loaded registry data [file 1/4]
[01:41:44] [Server thread/INFO]: Reloading ResourceManager: Default, Fabric Mining Levels (v0), Function API, Cotton Commons, cotton_generated, test
[01:41:45] [Server thread/INFO]: Loaded 6 recipes
[01:41:46] [Server thread/INFO]: Loaded 565 custom command functions
[01:41:46] [Server thread/INFO]: Loaded 811 advancements
[01:41:46] [Server thread/INFO]: Preparing start region for dimension minecraft:overworld
[01:41:46] [main/INFO]: Preparing spawn area: 0%
[01:41:46] [main/INFO]: Preparing spawn area: 0%
[01:41:47] [main/INFO]: Preparing spawn area: 96%
[01:41:47] [main/INFO]: Time elapsed: 1180 ms
[01:41:48] [Server thread/INFO]: crysthala[local:E:9a35f6e2] logged in with entity id 1 at (181.41883562229188, 4.0, 243.15885423647865)
[01:41:48] [Server thread/INFO]: crysthala joined the game
[01:41:51] [Server thread/WARN]: Can't keep up! Is the server overloaded? Running 2924ms or 58 ticks behind
[01:41:51] [Server thread/INFO]: Saving and pausing game...
[01:41:51] [Server thread/INFO]: Saving chunks for level 'Testificate'/minecraft:the_end
[01:41:51] [Server thread/INFO]: Saving chunks for level 'Testificate'/minecraft:the_nether
[01:41:51] [Server thread/INFO]: Saving chunks for level 'Testificate'/minecraft:overworld
[01:41:51] [REI-SyncRecipes/INFO]: [REI] Loading 2 plugins: roughlyenoughitems:default_auto_crafting_plugin, roughlyenoughitems:default_plugin
[01:41:51] [main/INFO]: Loaded 40 advancements
[01:41:51] [REI-SyncRecipes/INFO]: [REI] Registered 1151 stack entries, 1006 recipes displays, 4 bounds handler, 1 visibility handlers and 9 categories (Crafting, Smelting, Smoking, Blasting, Campfire, Stone Cutting, Brewing, Composting, Stripping) in 182 ms.
[01:41:58] [Server thread/INFO]: Saving and pausing game...
[01:41:58] [Server thread/INFO]: Saving chunks for level 'Testificate'/minecraft:the_end
[01:41:58] [Server thread/INFO]: Saving chunks for level 'Testificate'/minecraft:the_nether
[01:41:58] [Server thread/INFO]: Saving chunks for level 'Testificate'/minecraft:overworld
[01:41:59] [main/INFO]: Stopping!
[01:41:59] [Server thread/INFO]: crysthala lost connection: Disconnected
[01:41:59] [Server thread/INFO]: crysthala left the game
[01:41:59] [Server thread/INFO]: Stopping singleplayer server as player logged out
[01:41:59] [Server thread/INFO]: Stopping server
[01:41:59] [Server thread/INFO]: Saving players
[01:41:59] [Server thread/INFO]: Saving worlds
[01:41:59] [Server thread/INFO]: Saving chunks for level 'Testificate'/minecraft:the_end
[01:41:59] [Server thread/INFO]: ThreadedAnvilChunkStorage (DIM1): All chunks are saved
[01:41:59] [Server thread/INFO]: Saving chunks for level 'Testificate'/minecraft:the_nether
[01:41:59] [Server thread/INFO]: ThreadedAnvilChunkStorage (DIM-1): All chunks are saved
[01:41:59] [Server thread/INFO]: Saving chunks for level 'Testificate'/minecraft:overworld
[01:41:59] [Server thread/INFO]: ThreadedAnvilChunkStorage (Testificate): All chunks are saved
[01:41:59] [Server thread/INFO]: ThreadedAnvilChunkStorage (DIM1): All chunks are saved
[01:41:59] [Server thread/INFO]: ThreadedAnvilChunkStorage (DIM-1): All chunks are saved
[01:41:59] [Server thread/INFO]: ThreadedAnvilChunkStorage (Testificate): All chunks are saved
